<?xml version="1.0" encoding="UTF-8"?>
<!-- Generated by org.testng.reporters.JUnitXMLReporter -->
<testsuite hostname="hamza-HP-Notebook" ignored="0" name="SmartTasks" tests="30" failures="0" timestamp="07 Feb 2019 17:30:25 GMT" time="449.31" errors="0">
  <testcase name="emailTemplate" time="7.026" classname="Baarei.SmartTaskTest"/>
  <testcase name="requestInformationSmartTask" time="5.434" classname="Baarei.SmartTaskTest"/>
  <testcase name="requestSponsorshipSmartTAsk" time="6.516" classname="Baarei.SmartTaskTest"/>
  <testcase name="requestContractSmartTask" time="5.12" classname="Baarei.SmartTaskTest"/>
  <testcase name="leadsSmartTask" time="4.892" classname="Baarei.SmartTaskTest"/>
  <testcase name="expensesSmartTask" time="4.915" classname="Baarei.SmartTaskTest"/>
  <testcase name="shipmentSmartTask" time="4.967" classname="Baarei.SmartTaskTest"/>
  <testcase name="reminderEventSmartTask" time="4.874" classname="Baarei.SmartTaskTest"/>
  <testcase name="reminderHotelsSmartTask" time="4.893" classname="Baarei.SmartTaskTest"/>
  <testcase name="reminderPresentationSmartTask" time="4.923" classname="Baarei.SmartTaskTest"/>
  <testcase name="reminderCollateralSmartTask" time="4.923" classname="Baarei.SmartTaskTest"/>
  <testcase name="postSmartTask" time="3.527" classname="Baarei.SmartTaskTest"/>
  <testcase name="sendFileSmartTask" time="5.054" classname="Baarei.SmartTaskTest"/>
  <testcase name="orderSmartTask" time="5.203" classname="Baarei.SmartTaskTest"/>
  <testcase name="createTask" time="304.127" classname="Baarei.SmartTaskTest"/>
  <testcase name="verifyDate" time="2.593" classname="Baarei.SmartTaskTest"/>
  <testcase name="verifyEmailExpenses" time="0.114" classname="Baarei.SmartTaskTest"/>
  <testcase name="verifyEmailLeads" time="0.047" classname="Baarei.SmartTaskTest"/>
  <testcase name="verifyEmailShipment" time="0.048" classname="Baarei.SmartTaskTest"/>
  <testcase name="verifyEmailTemplate" time="0.048" classname="Baarei.SmartTaskTest"/>
  <testcase name="verifyOrder" time="0.048" classname="Baarei.SmartTaskTest"/>
  <testcase name="verifyPost" time="0.108" classname="Baarei.SmartTaskTest"/>
  <testcase name="verifyRemindCollateral" time="0.059" classname="Baarei.SmartTaskTest"/>
  <testcase name="verifyRemindHotel" time="0.056" classname="Baarei.SmartTaskTest"/>
  <testcase name="verifyRemindMeeting" time="0.055" classname="Baarei.SmartTaskTest"/>
  <testcase name="verifyRemindPresentation" time="0.08" classname="Baarei.SmartTaskTest"/>
  <testcase name="verifyRequestCounterSigned" time="0.054" classname="Baarei.SmartTaskTest"/>
  <testcase name="verifyRequestInfo" time="0.05" classname="Baarei.SmartTaskTest"/>
  <testcase name="verifyRequestSponsorshipContract" time="0.06" classname="Baarei.SmartTaskTest"/>
  <testcase name="verifySendFile" time="0.052" classname="Baarei.SmartTaskTest"/>
</testsuite> <!-- SmartTasks -->
