<?xml version="1.0" encoding="UTF-8"?>
<testng-results skipped="0" failed="0" ignored="0" total="1" passed="1">
  <reporter-output>
  </reporter-output>
  <suite name="Default suite" duration-ms="46605" started-at="2019-02-08T17:46:30Z" finished-at="2019-02-08T17:47:17Z">
    <groups>
    </groups>
    <test name="Default test" duration-ms="46605" started-at="2019-02-08T17:46:30Z" finished-at="2019-02-08T17:47:17Z">
      <class name="Baarei.ParticipantTest">
        <test-method status="PASS" signature="initialize()[pri:0, instance:Baarei.ParticipantTest@204f30ec]" name="initialize" is-config="true" duration-ms="42652" started-at="2019-02-08T17:46:30Z" finished-at="2019-02-08T17:47:13Z">
          <reporter-output>
          </reporter-output>
        </test-method> <!-- initialize -->
        <test-method status="PASS" signature="associateReservation()[pri:0, instance:Baarei.ParticipantTest@204f30ec]" name="associateReservation" duration-ms="3933" started-at="2019-02-08T17:47:13Z" finished-at="2019-02-08T17:47:17Z">
          <reporter-output>
          </reporter-output>
        </test-method> <!-- associateReservation -->
      </class> <!-- Baarei.ParticipantTest -->
    </test> <!-- Default test -->
  </suite> <!-- Default suite -->
</testng-results>
